1602857082689	geckodriver	INFO	Listening on 127.0.0.1:44627
1602857082697	mozrunner::runner	INFO	Running command: "/usr/bin/firefox" "--marionette" "-foreground" "-no-remote" "-profile" "/tmp/rust_mozprofile4XiafP"
console.error: SearchCache: "_readCacheFile: Error reading cache file:" (new Error("", "(unknown module)"))
1602857090475	Marionette	INFO	Listening on port 41485
1602857090565	Marionette	WARN	TLS certificate errors will be ignored for this session
1602857092997	Marionette	INFO	Stopped listening on port 41485
1602857244896	geckodriver	INFO	Listening on 127.0.0.1:37789
1602857244903	mozrunner::runner	INFO	Running command: "/usr/bin/firefox" "--marionette" "-foreground" "-no-remote" "-profile" "/tmp/rust_mozprofileeExFuZ"
console.error: SearchCache: "_readCacheFile: Error reading cache file:" (new Error("", "(unknown module)"))
1602857247439	Marionette	INFO	Listening on port 36907
1602857247511	Marionette	WARN	TLS certificate errors will be ignored for this session
console.error: Region.jsm: "Error fetching region" (new AbortError("The operation was aborted. ", (void 0), 697))
console.error: Region.jsm: "Failed to fetch region" (new Error("NO_RESULT", "resource://gre/modules/Region.jsm", 351))
1602858154170	geckodriver	INFO	Listening on 127.0.0.1:36553
1602858155195	mozrunner::runner	INFO	Running command: "/usr/bin/firefox" "--marionette" "-foreground" "-no-remote" "-profile" "/tmp/rust_mozprofilewNxPp9"
console.error: SearchCache: "_readCacheFile: Error reading cache file:" (new Error("", "(unknown module)"))
1602858159246	Marionette	INFO	Listening on port 42173
1602858159308	Marionette	WARN	TLS certificate errors will be ignored for this session
JavaScript error: https://www.lowescdn.com/node/pdp/gcp/helix/2.115.0/lazy-load-element.js, line 9: TypeError: $(...).offset() is undefined
JavaScript error: https://www.lowescdn.com/node/pdp/gcp/helix/2.115.0/vendors.606c37e9.chunk.js, line 2: Error: Request failed with status code 403
JavaScript error: resource://devtools/client/jsonview/Sniffer.jsm, line 56: NS_ERROR_NOT_AVAILABLE: Component returned failure code: 0x80040111 (NS_ERROR_NOT_AVAILABLE) [nsIChannel.contentType]
1602858223213	geckodriver	INFO	Listening on 127.0.0.1:33641
1602858223228	mozrunner::runner	INFO	Running command: "/usr/bin/firefox" "--marionette" "-foreground" "-no-remote" "-profile" "/tmp/rust_mozprofileB5VmLG"
console.error: SearchCache: "_readCacheFile: Error reading cache file:" (new Error("", "(unknown module)"))
console.error: Region.jsm: "Error fetching region" (new AbortError("The operation was aborted. ", (void 0), 697))
console.error: Region.jsm: "Failed to fetch region" (new Error("NO_RESULT", "resource://gre/modules/Region.jsm", 351))
1602858241065	Marionette	INFO	Listening on port 35561
1602858241089	Marionette	WARN	TLS certificate errors will be ignored for this session
JavaScript error: https://www.lowescdn.com/node/pdp/gcp/helix/2.115.0/lazy-load-element.js, line 9: TypeError: $(...).offset() is undefined
JavaScript error: https://www.lowescdn.com/node/pdp/gcp/helix/2.115.0/vendors.606c37e9.chunk.js, line 2: Error: Request failed with status code 403
IPDL protocol error: Handler returned error code!

###!!! [Parent][DispatchAsyncMessage] Error: PLayerTransaction::Msg_ReleaseLayer Processing error: message was deserialized, but the handler returned false (indicating failure)

IPDL protocol error: Handler returned error code!

###!!! [Parent][DispatchAsyncMessage] Error: PLayerTransaction::Msg_ReleaseLayer Processing error: message was deserialized, but the handler returned false (indicating failure)

1602858294431	Marionette	INFO	Stopped listening on port 35561
1602858294439	Marionette	INFO	Stopped listening on port 42173
1602858294496	Marionette	INFO	Stopped listening on port 36907
1602858329137	geckodriver	INFO	Listening on 127.0.0.1:52689
1602858329145	mozrunner::runner	INFO	Running command: "/usr/bin/firefox" "--marionette" "-foreground" "-no-remote" "-profile" "/tmp/rust_mozprofileg5KfCi"
console.error: SearchCache: "_readCacheFile: Error reading cache file:" (new Error("", "(unknown module)"))
1602858332038	Marionette	INFO	Listening on port 44151
1602858332054	Marionette	WARN	TLS certificate errors will be ignored for this session
JavaScript error: https://www.lowescdn.com/node/pdp/gcp/helix/2.115.0/lazy-load-element.js, line 9: TypeError: $(...).offset() is undefined
JavaScript error: https://www.lowescdn.com/node/pdp/gcp/helix/2.115.0/vendors.606c37e9.chunk.js, line 2: Error: Request failed with status code 403
1602858372718	Marionette	INFO	Stopped listening on port 44151
1602858388852	geckodriver	INFO	Listening on 127.0.0.1:40383
1602858388859	mozrunner::runner	INFO	Running command: "/usr/bin/firefox" "--marionette" "-foreground" "-no-remote" "-profile" "/tmp/rust_mozprofileiiAkN9"
console.error: SearchCache: "_readCacheFile: Error reading cache file:" (new Error("", "(unknown module)"))
1602858391815	Marionette	INFO	Listening on port 42515
1602858391868	Marionette	WARN	TLS certificate errors will be ignored for this session
JavaScript error: https://www.lowescdn.com/node/pdp/gcp/helix/2.115.0/lazy-load-element.js, line 9: TypeError: $(...).offset() is undefined
JavaScript error: https://www.lowescdn.com/node/pdp/gcp/helix/2.115.0/vendors.606c37e9.chunk.js, line 2: Error: Request failed with status code 403
1602858421669	geckodriver	INFO	Listening on 127.0.0.1:35329
1602858421675	mozrunner::runner	INFO	Running command: "/usr/bin/firefox" "--marionette" "-foreground" "-no-remote" "-profile" "/tmp/rust_mozprofilerLPWPq"
console.error: SearchCache: "_readCacheFile: Error reading cache file:" (new Error("", "(unknown module)"))
1602858424410	Marionette	INFO	Listening on port 34015
1602858424485	Marionette	WARN	TLS certificate errors will be ignored for this session
JavaScript error: https://www.lowescdn.com/node/pdp/gcp/helix/2.115.0/lazy-load-element.js, line 9: TypeError: $(...).offset() is undefined
JavaScript error: https://www.lowescdn.com/node/pdp/gcp/helix/2.115.0/vendors.606c37e9.chunk.js, line 2: Error: Request failed with status code 403
1602858440650	Marionette	INFO	Stopped listening on port 34015
1602858443949	Marionette	INFO	Stopped listening on port 42515
1602858449084	geckodriver	INFO	Listening on 127.0.0.1:35413
1602858449090	mozrunner::runner	INFO	Running command: "/usr/bin/firefox" "--marionette" "-foreground" "-no-remote" "-profile" "/tmp/rust_mozprofilelhdH8q"
console.error: SearchCache: "_readCacheFile: Error reading cache file:" (new Error("", "(unknown module)"))
1602858451108	Marionette	INFO	Listening on port 41881
1602858451198	Marionette	WARN	TLS certificate errors will be ignored for this session
JavaScript error: https://www.lowescdn.com/node/pdp/gcp/helix/2.115.0/lazy-load-element.js, line 9: TypeError: $(...).offset() is undefined
JavaScript error: https://www.lowescdn.com/node/pdp/gcp/helix/2.115.0/vendors.606c37e9.chunk.js, line 2: Error: Request failed with status code 403
1602858488169	Marionette	INFO	Stopped listening on port 41881
1602858489118	geckodriver	INFO	Listening on 127.0.0.1:48363
1602858489123	mozrunner::runner	INFO	Running command: "/usr/bin/firefox" "--marionette" "-foreground" "-no-remote" "-profile" "/tmp/rust_mozprofileWWj6pW"
console.error: SearchCache: "_readCacheFile: Error reading cache file:" (new Error("", "(unknown module)"))
1602858491333	Marionette	INFO	Listening on port 37193
1602858491432	Marionette	WARN	TLS certificate errors will be ignored for this session
JavaScript error: https://assets.adobedtm.com/a79066311cccac7e8666800492afa7c9f1e49767/scripts/satellite-584872d564746d09960088ad.js, line 110: TypeError: s is undefined
JavaScript error: https://www.lowescdn.com/node/pdp/gcp/helix/2.115.0/lazy-load-element.js, line 9: TypeError: $(...).offset() is undefined
JavaScript error: https://www.lowescdn.com/node/pdp/gcp/helix/2.115.0/vendors.606c37e9.chunk.js, line 2: Error: Request failed with status code 403
1602858542494	geckodriver	INFO	Listening on 127.0.0.1:56971
1602858542500	mozrunner::runner	INFO	Running command: "/usr/bin/firefox" "--marionette" "-foreground" "-no-remote" "-profile" "/tmp/rust_mozprofileQb5BgB"
console.error: SearchCache: "_readCacheFile: Error reading cache file:" (new Error("", "(unknown module)"))
1602858545036	Marionette	INFO	Listening on port 43291
1602858545107	Marionette	WARN	TLS certificate errors will be ignored for this session
JavaScript error: https://www.lowescdn.com/node/pdp/gcp/helix/2.115.0/lazy-load-element.js, line 9: TypeError: $(...).offset() is undefined
JavaScript error: https://www.lowescdn.com/node/pdp/gcp/helix/2.115.0/vendors.606c37e9.chunk.js, line 2: Error: Request failed with status code 403
1602858564882	geckodriver	INFO	Listening on 127.0.0.1:44961
1602858564888	mozrunner::runner	INFO	Running command: "/usr/bin/firefox" "--marionette" "-foreground" "-no-remote" "-profile" "/tmp/rust_mozprofileNnsCJ5"
console.error: SearchCache: "_readCacheFile: Error reading cache file:" (new Error("", "(unknown module)"))
1602858567067	Marionette	INFO	Listening on port 40531
1602858567099	Marionette	WARN	TLS certificate errors will be ignored for this session
JavaScript error: https://www.lowescdn.com/node/pdp/gcp/helix/2.115.0/lazy-load-element.js, line 9: TypeError: $(...).offset() is undefined
JavaScript error: https://www.lowescdn.com/node/pdp/gcp/helix/2.115.0/vendors.606c37e9.chunk.js, line 2: Error: Request failed with status code 403
1602858690817	geckodriver	INFO	Listening on 127.0.0.1:37961
1602858690828	mozrunner::runner	INFO	Running command: "/usr/bin/firefox" "--marionette" "-foreground" "-no-remote" "-profile" "/tmp/rust_mozprofile0pAWt4"
console.error: SearchCache: "_readCacheFile: Error reading cache file:" (new Error("", "(unknown module)"))
1602858700833	Marionette	INFO	Listening on port 33405
1602858700860	Marionette	WARN	TLS certificate errors will be ignored for this session
JavaScript error: https://www.lowescdn.com/node/pdp/gcp/helix/2.115.0/lazy-load-element.js, line 9: TypeError: $(...).offset() is undefined
JavaScript error: https://www.lowescdn.com/node/pdp/gcp/helix/2.115.0/vendors.606c37e9.chunk.js, line 2: Error: Request failed with status code 403
IPDL protocol error: Handler returned error code!

###!!! [Parent][DispatchAsyncMessage] Error: PLayerTransaction::Msg_ReleaseLayer Processing error: message was deserialized, but the handler returned false (indicating failure)

IPDL protocol error: Handler returned error code!

###!!! [Parent][DispatchAsyncMessage] Error: PLayerTransaction::Msg_ReleaseLayer Processing error: message was deserialized, but the handler returned false (indicating failure)

IPDL protocol error: Handler returned error code!

###!!! [Parent][DispatchAsyncMessage] Error: PLayerTransaction::Msg_ReleaseLayer Processing error: message was deserialized, but the handler returned false (indicating failure)

IPDL protocol error: Handler returned error code!

###!!! [Parent][DispatchAsyncMessage] Error: PLayerTransaction::Msg_ReleaseLayer Processing error: message was deserialized, but the handler returned false (indicating failure)

IPDL protocol error: Handler returned error code!

###!!! [Parent][DispatchAsyncMessage] Error: PLayerTransaction::Msg_ReleaseLayer Processing error: message was deserialized, but the handler returned false (indicating failure)

IPDL protocol error: Handler returned error code!

###!!! [Parent][DispatchAsyncMessage] Error: PLayerTransaction::Msg_ReleaseLayer Processing error: message was deserialized, but the handler returned false (indicating failure)

IPDL protocol error: Handler returned error code!

###!!! [Parent][DispatchAsyncMessage] Error: PLayerTransaction::Msg_ReleaseLayer Processing error: message was deserialized, but the handler returned false (indicating failure)

IPDL protocol error: Handler returned error code!

###!!! [Parent][DispatchAsyncMessage] Error: PLayerTransaction::Msg_ReleaseLayer Processing error: message was deserialized, but the handler returned false (indicating failure)

IPDL protocol error: Handler returned error code!

###!!! [Parent][DispatchAsyncMessage] Error: PLayerTransaction::Msg_ReleaseLayer Processing error: message was deserialized, but the handler returned false (indicating failure)

IPDL protocol error: Handler returned error code!

###!!! [Parent][DispatchAsyncMessage] Error: PLayerTransaction::Msg_ReleaseLayer Processing error: message was deserialized, but the handler returned false (indicating failure)

IPDL protocol error: Handler returned error code!

###!!! [Parent][DispatchAsyncMessage] Error: PLayerTransaction::Msg_ReleaseLayer Processing error: message was deserialized, but the handler returned false (indicating failure)

IPDL protocol error: Handler returned error code!

###!!! [Parent][DispatchAsyncMessage] Error: PLayerTransaction::Msg_ReleaseLayer Processing error: message was deserialized, but the handler returned false (indicating failure)

IPDL protocol error: Handler returned error code!

###!!! [Parent][DispatchAsyncMessage] Error: PLayerTransaction::Msg_ReleaseLayer Processing error: message was deserialized, but the handler returned false (indicating failure)

IPDL protocol error: Handler returned error code!

###!!! [Parent][DispatchAsyncMessage] Error: PLayerTransaction::Msg_ReleaseLayer Processing error: message was deserialized, but the handler returned false (indicating failure)

IPDL protocol error: Handler returned error code!

###!!! [Parent][DispatchAsyncMessage] Error: PLayerTransaction::Msg_ReleaseLayer Processing error: message was deserialized, but the handler returned false (indicating failure)

IPDL protocol error: Handler returned error code!

###!!! [Parent][DispatchAsyncMessage] Error: PLayerTransaction::Msg_ReleaseLayer Processing error: message was deserialized, but the handler returned false (indicating failure)

IPDL protocol error: Handler returned error code!

###!!! [Parent][DispatchAsyncMessage] Error: PLayerTransaction::Msg_ReleaseLayer Processing error: message was deserialized, but the handler returned false (indicating failure)

IPDL protocol error: Handler returned error code!

###!!! [Parent][DispatchAsyncMessage] Error: PLayerTransaction::Msg_ReleaseLayer Processing error: message was deserialized, but the handler returned false (indicating failure)

IPDL protocol error: Handler returned error code!

###!!! [Parent][DispatchAsyncMessage] Error: PLayerTransaction::Msg_ReleaseLayer Processing error: message was deserialized, but the handler returned false (indicating failure)

IPDL protocol error: Handler returned error code!

###!!! [Parent][DispatchAsyncMessage] Error: PLayerTransaction::Msg_ReleaseLayer Processing error: message was deserialized, but the handler returned false (indicating failure)

IPDL protocol error: Handler returned error code!

###!!! [Parent][DispatchAsyncMessage] Error: PLayerTransaction::Msg_ReleaseLayer Processing error: message was deserialized, but the handler returned false (indicating failure)

IPDL protocol error: Handler returned error code!

###!!! [Parent][DispatchAsyncMessage] Error: PLayerTransaction::Msg_ReleaseLayer Processing error: message was deserialized, but the handler returned false (indicating failure)

IPDL protocol error: Handler returned error code!

###!!! [Parent][DispatchAsyncMessage] Error: PLayerTransaction::Msg_ReleaseLayer Processing error: message was deserialized, but the handler returned false (indicating failure)

IPDL protocol error: Handler returned error code!

###!!! [Parent][DispatchAsyncMessage] Error: PLayerTransaction::Msg_ReleaseLayer Processing error: message was deserialized, but the handler returned false (indicating failure)

1602858738849	Marionette	INFO	Stopped listening on port 40531
IPDL protocol error: Handler returned error code!

###!!! [Parent][DispatchAsyncMessage] Error: PLayerTransaction::Msg_ReleaseLayer Processing error: message was deserialized, but the handler returned false (indicating failure)

IPDL protocol error: Handler returned error code!

###!!! [Parent][DispatchAsyncMessage] Error: PLayerTransaction::Msg_ReleaseLayer Processing error: message was deserialized, but the handler returned false (indicating failure)

1602858741926	Marionette	INFO	Stopped listening on port 43291
1602858741970	Marionette	INFO	Stopped listening on port 37193
1602858742019	Marionette	INFO	Stopped listening on port 33405
1602858954427	geckodriver	INFO	Listening on 127.0.0.1:46373
1602858955441	mozrunner::runner	INFO	Running command: "/usr/bin/firefox" "--marionette" "-foreground" "-no-remote" "-profile" "/tmp/rust_mozprofilebVFx22"
console.error: SearchCache: "_readCacheFile: Error reading cache file:" (new Error("", "(unknown module)"))
1602858958271	Marionette	INFO	Listening on port 40627
1602858958353	Marionette	WARN	TLS certificate errors will be ignored for this session
JavaScript error: https://www.lowescdn.com/node/pdp/gcp/helix/2.115.0/lazy-load-element.js, line 9: TypeError: $(...).offset() is undefined
JavaScript error: https://www.lowescdn.com/node/pdp/gcp/helix/2.115.0/vendors.606c37e9.chunk.js, line 2: Error: Request failed with status code 403
1602858969387	Marionette	INFO	Stopped listening on port 40627
